{
  "stats": {
    "suites": 2,
    "tests": 10,
    "passes": 10,
    "pending": 0,
    "failures": 0,
    "start": "2022-01-16T20:58:21.921Z",
    "end": "2022-01-16T20:58:49.129Z",
    "duration": 27208,
    "testsRegistered": 10,
    "passPercent": 100,
    "pendingPercent": 0,
    "other": 0,
    "hasOther": false,
    "skipped": 0,
    "hasSkipped": false
  },
  "results": [
    {
      "uuid": "76c34b78-d884-44a3-9d5f-474b4da4b3bb",
      "title": "",
      "fullFile": "cypress/integration/signup.spec.js",
      "file": "cypress/integration/signup.spec.js",
      "beforeHooks": [],
      "afterHooks": [],
      "tests": [],
      "suites": [
        {
          "uuid": "92bc6e54-8324-482a-9b87-ce02b45c89de",
          "title": "Signup",
          "fullFile": "",
          "file": "",
          "beforeHooks": [],
          "afterHooks": [],
          "tests": [
            {
              "title": "User should be deliver",
              "fullTitle": "Signup User should be deliver",
              "timedOut": null,
              "duration": 10791,
              "state": "passed",
              "speed": "slow",
              "pass": true,
              "fail": false,
              "pending": false,
              "context": null,
              "code": "// var deliver = {\n//     name: 'Adriano Almeida',\n//     cpf: '00000014949',\n//     email: 'adriano@teste.com.br',\n//     whatsapp: '71999999999',\n//     address: {\n//         postalcode: '01218012',\n//         street: 'Alameda Eduardo Prado',\n//         number: '838',\n//         complement: 'Apt 86',\n//         district: 'Campos Elíseos',\n//         city_state: 'São Paulo/SP'\n//     },\n//     delivery_method: 'Moto',\n//     cnh: 'cnh-digital.jpg'\n// }\nvar deliver = _SignupFactory.default.deliver();\n_SignupPage.default.go(); // signup.fillForm(this.deliver.signup)\n\n_SignupPage.default.fillForm(deliver);\n_SignupPage.default.submitForm();\nconst expectedMessage = 'Recebemos os seus dados. Fique de olho na sua caixa de email, pois e em breve retornamos o contato.';\n_SignupPage.default.modalContentShouldBe(expectedMessage);",
              "err": {},
              "uuid": "39fab6b4-8d57-40e5-847f-c4102dde909d",
              "parentUUID": "92bc6e54-8324-482a-9b87-ce02b45c89de",
              "isHook": false,
              "skipped": false
            },
            {
              "title": "Incorrect document",
              "fullTitle": "Signup Incorrect document",
              "timedOut": null,
              "duration": 3252,
              "state": "passed",
              "speed": "fast",
              "pass": true,
              "fail": false,
              "pending": false,
              "context": null,
              "code": "// var deliver = {\n//     name: 'Adriano Almeida',\n//     cpf: '000000149AA',\n//     email: 'adriano@teste.com.br',\n//     whatsapp: '71999999999',\n//     address: {\n//         postalcode: '01218012',\n//         street: 'Alameda Eduardo Prado',\n//         number: '838',\n//         complement: 'Apt 86',\n//         district: 'Campos Elíseos',\n//         city_state: 'São Paulo/SP'\n//     },\n//     delivery_method: 'Moto',\n//     cnh: 'cnh-digital.jpg'\n// }\nvar deliver = _SignupFactory.default.deliver();\ndeliver.cpf = '000000149AA';\n_SignupPage.default.go(); // signup.fillForm(this.deliver.cpf_inv)\n\n_SignupPage.default.fillForm(deliver);\n_SignupPage.default.submitForm();\n_SignupPage.default.spanContentShouldBe('Oops! CPF inválido');",
              "err": {},
              "uuid": "9583e09a-5a81-4e20-8f16-e007c3f0e414",
              "parentUUID": "92bc6e54-8324-482a-9b87-ce02b45c89de",
              "isHook": false,
              "skipped": false
            },
            {
              "title": "Incorrect email",
              "fullTitle": "Signup Incorrect email",
              "timedOut": null,
              "duration": 8282,
              "state": "passed",
              "speed": "medium",
              "pass": true,
              "fail": false,
              "pending": false,
              "context": null,
              "code": "var deliver = _SignupFactory.default.deliver();\ndeliver.email = 'adrianoteste.com.br';\n_SignupPage.default.go(); // signup.fillForm(this.deliver.email_inv)\n\n_SignupPage.default.fillForm(deliver);\n_SignupPage.default.submitForm();\n_SignupPage.default.spanContentShouldBe('Oops! Email com formato inválido.');",
              "err": {},
              "uuid": "6a12770c-6abc-4ac8-acfa-1dda5b18007e",
              "parentUUID": "92bc6e54-8324-482a-9b87-ce02b45c89de",
              "isHook": false,
              "skipped": false
            }
          ],
          "suites": [
            {
              "uuid": "abf9e1dc-3582-428d-a4a8-82d2a99ad644",
              "title": "Required fields",
              "fullFile": "",
              "file": "",
              "beforeHooks": [],
              "afterHooks": [],
              "tests": [
                {
                  "title": "name is required",
                  "fullTitle": "Signup Required fields name is required",
                  "timedOut": null,
                  "duration": 4468,
                  "state": "passed",
                  "speed": "fast",
                  "pass": true,
                  "fail": false,
                  "pending": false,
                  "context": null,
                  "code": "_SignupPage.default.spanContentShouldBe(msg.output);",
                  "err": {},
                  "uuid": "a287ac68-6121-4124-8a88-1a59427e045a",
                  "parentUUID": "abf9e1dc-3582-428d-a4a8-82d2a99ad644",
                  "isHook": false,
                  "skipped": false
                },
                {
                  "title": "cpf is required",
                  "fullTitle": "Signup Required fields cpf is required",
                  "timedOut": null,
                  "duration": 40,
                  "state": "passed",
                  "speed": "fast",
                  "pass": true,
                  "fail": false,
                  "pending": false,
                  "context": null,
                  "code": "_SignupPage.default.spanContentShouldBe(msg.output);",
                  "err": {},
                  "uuid": "adce7802-4149-4872-ad5f-ce0683ac2712",
                  "parentUUID": "abf9e1dc-3582-428d-a4a8-82d2a99ad644",
                  "isHook": false,
                  "skipped": false
                },
                {
                  "title": "email is required",
                  "fullTitle": "Signup Required fields email is required",
                  "timedOut": null,
                  "duration": 29,
                  "state": "passed",
                  "speed": "fast",
                  "pass": true,
                  "fail": false,
                  "pending": false,
                  "context": null,
                  "code": "_SignupPage.default.spanContentShouldBe(msg.output);",
                  "err": {},
                  "uuid": "61703b56-c2a8-4616-a0d3-2daa04fce8aa",
                  "parentUUID": "abf9e1dc-3582-428d-a4a8-82d2a99ad644",
                  "isHook": false,
                  "skipped": false
                },
                {
                  "title": "postalcode is required",
                  "fullTitle": "Signup Required fields postalcode is required",
                  "timedOut": null,
                  "duration": 35,
                  "state": "passed",
                  "speed": "fast",
                  "pass": true,
                  "fail": false,
                  "pending": false,
                  "context": null,
                  "code": "_SignupPage.default.spanContentShouldBe(msg.output);",
                  "err": {},
                  "uuid": "61af1e08-470b-43fb-bd54-d73c268f8fb1",
                  "parentUUID": "abf9e1dc-3582-428d-a4a8-82d2a99ad644",
                  "isHook": false,
                  "skipped": false
                },
                {
                  "title": "number is required",
                  "fullTitle": "Signup Required fields number is required",
                  "timedOut": null,
                  "duration": 47,
                  "state": "passed",
                  "speed": "fast",
                  "pass": true,
                  "fail": false,
                  "pending": false,
                  "context": null,
                  "code": "_SignupPage.default.spanContentShouldBe(msg.output);",
                  "err": {},
                  "uuid": "f9950866-d552-4e3a-879b-6087c2187b26",
                  "parentUUID": "abf9e1dc-3582-428d-a4a8-82d2a99ad644",
                  "isHook": false,
                  "skipped": false
                },
                {
                  "title": "delivery_method is required",
                  "fullTitle": "Signup Required fields delivery_method is required",
                  "timedOut": null,
                  "duration": 32,
                  "state": "passed",
                  "speed": "fast",
                  "pass": true,
                  "fail": false,
                  "pending": false,
                  "context": null,
                  "code": "_SignupPage.default.spanContentShouldBe(msg.output);",
                  "err": {},
                  "uuid": "411f7d17-0cbe-4095-ab82-2c59371274c5",
                  "parentUUID": "abf9e1dc-3582-428d-a4a8-82d2a99ad644",
                  "isHook": false,
                  "skipped": false
                },
                {
                  "title": "cnh is required",
                  "fullTitle": "Signup Required fields cnh is required",
                  "timedOut": null,
                  "duration": 25,
                  "state": "passed",
                  "speed": "fast",
                  "pass": true,
                  "fail": false,
                  "pending": false,
                  "context": null,
                  "code": "_SignupPage.default.spanContentShouldBe(msg.output);",
                  "err": {},
                  "uuid": "183cb9e9-2e57-4c00-8621-74105faa0090",
                  "parentUUID": "abf9e1dc-3582-428d-a4a8-82d2a99ad644",
                  "isHook": false,
                  "skipped": false
                }
              ],
              "suites": [],
              "passes": [
                "a287ac68-6121-4124-8a88-1a59427e045a",
                "adce7802-4149-4872-ad5f-ce0683ac2712",
                "61703b56-c2a8-4616-a0d3-2daa04fce8aa",
                "61af1e08-470b-43fb-bd54-d73c268f8fb1",
                "f9950866-d552-4e3a-879b-6087c2187b26",
                "411f7d17-0cbe-4095-ab82-2c59371274c5",
                "183cb9e9-2e57-4c00-8621-74105faa0090"
              ],
              "failures": [],
              "pending": [],
              "skipped": [],
              "duration": 4676,
              "root": false,
              "rootEmpty": false,
              "_timeout": 2000
            }
          ],
          "passes": [
            "39fab6b4-8d57-40e5-847f-c4102dde909d",
            "9583e09a-5a81-4e20-8f16-e007c3f0e414",
            "6a12770c-6abc-4ac8-acfa-1dda5b18007e"
          ],
          "failures": [],
          "pending": [],
          "skipped": [],
          "duration": 22325,
          "root": false,
          "rootEmpty": false,
          "_timeout": 2000
        }
      ],
      "passes": [],
      "failures": [],
      "pending": [],
      "skipped": [],
      "duration": 0,
      "root": true,
      "rootEmpty": true,
      "_timeout": 2000
    }
  ],
  "meta": {
    "mocha": {
      "version": "7.0.1"
    },
    "mochawesome": {
      "options": {
        "quiet": true,
        "reportFilename": "mochawesome",
        "saveHtml": false,
        "saveJson": true,
        "consoleReporter": "spec",
        "useInlineDiffs": false,
        "code": true
      },
      "version": "7.0.1"
    },
    "marge": {
      "options": {
        "id": "default",
        "reportDir": "mochawesome-report",
        "quiet": true,
        "overwrite": false,
        "html": false,
        "json": true
      },
      "version": "6.0.1"
    }
  }
}