{
  "stats": {
    "suites": 2,
    "tests": 10,
    "passes": 10,
    "pending": 0,
    "failures": 0,
    "start": "2022-01-15T22:33:34.249Z",
    "end": "2022-01-15T22:33:51.858Z",
    "duration": 17609,
    "testsRegistered": 10,
    "passPercent": 100,
    "pendingPercent": 0,
    "other": 0,
    "hasOther": false,
    "skipped": 0,
    "hasSkipped": false
  },
  "results": [
    {
      "uuid": "1c5d2390-7bea-44ca-b316-f6ec0916a128",
      "title": "",
      "fullFile": "cypress/integration/signup.spec.js",
      "file": "cypress/integration/signup.spec.js",
      "beforeHooks": [],
      "afterHooks": [],
      "tests": [],
      "suites": [
        {
          "uuid": "12695811-0530-406a-99e3-1d8853550cef",
          "title": "Signup",
          "fullFile": "",
          "file": "",
          "beforeHooks": [],
          "afterHooks": [],
          "tests": [
            {
              "title": "User should be deliver",
              "fullTitle": "Signup User should be deliver",
              "timedOut": null,
              "duration": 10262,
              "state": "passed",
              "speed": "slow",
              "pass": true,
              "fail": false,
              "pending": false,
              "context": null,
              "code": "// var deliver = {\n//     name: 'Adriano Almeida',\n//     cpf: '00000014949',\n//     email: 'adriano@teste.com.br',\n//     whatsapp: '71999999999',\n//     address: {\n//         postalcode: '01218012',\n//         street: 'Alameda Eduardo Prado',\n//         number: '838',\n//         complement: 'Apt 86',\n//         district: 'Campos Elíseos',\n//         city_state: 'São Paulo/SP'\n//     },\n//     delivery_method: 'Moto',\n//     cnh: 'cnh-digital.jpg'\n// }\nvar deliver = _SignupFactory.default.deliver();\n_SignupPage.default.go(); // signup.fillForm(this.deliver.signup)\n\n_SignupPage.default.fillForm(deliver);\n_SignupPage.default.submitForm();\nconst expectedMessage = 'Recebemos os seus dados. Fique de olho na sua caixa de email, pois e em breve retornamos o contato.';\n_SignupPage.default.modalContentShouldBe(expectedMessage);",
              "err": {},
              "uuid": "3a4f2deb-17bb-431a-bcec-52938fa75276",
              "parentUUID": "12695811-0530-406a-99e3-1d8853550cef",
              "isHook": false,
              "skipped": false
            },
            {
              "title": "Incorrect document",
              "fullTitle": "Signup Incorrect document",
              "timedOut": null,
              "duration": 2943,
              "state": "passed",
              "speed": "fast",
              "pass": true,
              "fail": false,
              "pending": false,
              "context": null,
              "code": "// var deliver = {\n//     name: 'Adriano Almeida',\n//     cpf: '000000149AA',\n//     email: 'adriano@teste.com.br',\n//     whatsapp: '71999999999',\n//     address: {\n//         postalcode: '01218012',\n//         street: 'Alameda Eduardo Prado',\n//         number: '838',\n//         complement: 'Apt 86',\n//         district: 'Campos Elíseos',\n//         city_state: 'São Paulo/SP'\n//     },\n//     delivery_method: 'Moto',\n//     cnh: 'cnh-digital.jpg'\n// }\nvar deliver = _SignupFactory.default.deliver();\ndeliver.cpf = '000000149AA';\n_SignupPage.default.go(); // signup.fillForm(this.deliver.cpf_inv)\n\n_SignupPage.default.fillForm(deliver);\n_SignupPage.default.submitForm();\n_SignupPage.default.spanContentShouldBe('Oops! CPF inválido');",
              "err": {},
              "uuid": "7f8a68b0-785e-4c7e-aca5-91e6d00c10d3",
              "parentUUID": "12695811-0530-406a-99e3-1d8853550cef",
              "isHook": false,
              "skipped": false
            },
            {
              "title": "Incorrect email",
              "fullTitle": "Signup Incorrect email",
              "timedOut": null,
              "duration": 3122,
              "state": "passed",
              "speed": "fast",
              "pass": true,
              "fail": false,
              "pending": false,
              "context": null,
              "code": "var deliver = _SignupFactory.default.deliver();\ndeliver.email = 'adrianoteste.com.br';\n_SignupPage.default.go(); // signup.fillForm(this.deliver.email_inv)\n\n_SignupPage.default.fillForm(deliver);\n_SignupPage.default.submitForm();\n_SignupPage.default.spanContentShouldBe('Oops! Email com formato inválido.');",
              "err": {},
              "uuid": "0059fa2c-565e-45c5-921b-76c3f051aba9",
              "parentUUID": "12695811-0530-406a-99e3-1d8853550cef",
              "isHook": false,
              "skipped": false
            }
          ],
          "suites": [
            {
              "uuid": "72d1eeee-d9cc-4490-be85-6434cb0e0523",
              "title": "Required fields",
              "fullFile": "",
              "file": "",
              "beforeHooks": [],
              "afterHooks": [],
              "tests": [
                {
                  "title": "name is required",
                  "fullTitle": "Signup Required fields name is required",
                  "timedOut": null,
                  "duration": 980,
                  "state": "passed",
                  "speed": "fast",
                  "pass": true,
                  "fail": false,
                  "pending": false,
                  "context": null,
                  "code": "_SignupPage.default.spanContentShouldBe(msg.output);",
                  "err": {},
                  "uuid": "a9d0e872-9e84-4028-b70e-a8f9687031ca",
                  "parentUUID": "72d1eeee-d9cc-4490-be85-6434cb0e0523",
                  "isHook": false,
                  "skipped": false
                },
                {
                  "title": "cpf is required",
                  "fullTitle": "Signup Required fields cpf is required",
                  "timedOut": null,
                  "duration": 34,
                  "state": "passed",
                  "speed": "fast",
                  "pass": true,
                  "fail": false,
                  "pending": false,
                  "context": null,
                  "code": "_SignupPage.default.spanContentShouldBe(msg.output);",
                  "err": {},
                  "uuid": "2dfa9d54-f2dd-48e6-99f3-3136c32bad32",
                  "parentUUID": "72d1eeee-d9cc-4490-be85-6434cb0e0523",
                  "isHook": false,
                  "skipped": false
                },
                {
                  "title": "email is required",
                  "fullTitle": "Signup Required fields email is required",
                  "timedOut": null,
                  "duration": 25,
                  "state": "passed",
                  "speed": "fast",
                  "pass": true,
                  "fail": false,
                  "pending": false,
                  "context": null,
                  "code": "_SignupPage.default.spanContentShouldBe(msg.output);",
                  "err": {},
                  "uuid": "58075158-e1f8-4646-8fb9-2c0e2cd4539f",
                  "parentUUID": "72d1eeee-d9cc-4490-be85-6434cb0e0523",
                  "isHook": false,
                  "skipped": false
                },
                {
                  "title": "postalcode is required",
                  "fullTitle": "Signup Required fields postalcode is required",
                  "timedOut": null,
                  "duration": 34,
                  "state": "passed",
                  "speed": "fast",
                  "pass": true,
                  "fail": false,
                  "pending": false,
                  "context": null,
                  "code": "_SignupPage.default.spanContentShouldBe(msg.output);",
                  "err": {},
                  "uuid": "ff706f3a-6231-4d33-97de-e088896f967d",
                  "parentUUID": "72d1eeee-d9cc-4490-be85-6434cb0e0523",
                  "isHook": false,
                  "skipped": false
                },
                {
                  "title": "number is required",
                  "fullTitle": "Signup Required fields number is required",
                  "timedOut": null,
                  "duration": 32,
                  "state": "passed",
                  "speed": "fast",
                  "pass": true,
                  "fail": false,
                  "pending": false,
                  "context": null,
                  "code": "_SignupPage.default.spanContentShouldBe(msg.output);",
                  "err": {},
                  "uuid": "f458e4ce-746c-4980-b4c5-f728f2d8a3dc",
                  "parentUUID": "72d1eeee-d9cc-4490-be85-6434cb0e0523",
                  "isHook": false,
                  "skipped": false
                },
                {
                  "title": "delivery_method is required",
                  "fullTitle": "Signup Required fields delivery_method is required",
                  "timedOut": null,
                  "duration": 29,
                  "state": "passed",
                  "speed": "fast",
                  "pass": true,
                  "fail": false,
                  "pending": false,
                  "context": null,
                  "code": "_SignupPage.default.spanContentShouldBe(msg.output);",
                  "err": {},
                  "uuid": "ff42344a-96ac-47ce-b264-71b10d3d51af",
                  "parentUUID": "72d1eeee-d9cc-4490-be85-6434cb0e0523",
                  "isHook": false,
                  "skipped": false
                },
                {
                  "title": "cnh is required",
                  "fullTitle": "Signup Required fields cnh is required",
                  "timedOut": null,
                  "duration": 31,
                  "state": "passed",
                  "speed": "fast",
                  "pass": true,
                  "fail": false,
                  "pending": false,
                  "context": null,
                  "code": "_SignupPage.default.spanContentShouldBe(msg.output);",
                  "err": {},
                  "uuid": "26441b57-a0f8-40d6-90b1-f492608e2403",
                  "parentUUID": "72d1eeee-d9cc-4490-be85-6434cb0e0523",
                  "isHook": false,
                  "skipped": false
                }
              ],
              "suites": [],
              "passes": [
                "a9d0e872-9e84-4028-b70e-a8f9687031ca",
                "2dfa9d54-f2dd-48e6-99f3-3136c32bad32",
                "58075158-e1f8-4646-8fb9-2c0e2cd4539f",
                "ff706f3a-6231-4d33-97de-e088896f967d",
                "f458e4ce-746c-4980-b4c5-f728f2d8a3dc",
                "ff42344a-96ac-47ce-b264-71b10d3d51af",
                "26441b57-a0f8-40d6-90b1-f492608e2403"
              ],
              "failures": [],
              "pending": [],
              "skipped": [],
              "duration": 1165,
              "root": false,
              "rootEmpty": false,
              "_timeout": 2000
            }
          ],
          "passes": [
            "3a4f2deb-17bb-431a-bcec-52938fa75276",
            "7f8a68b0-785e-4c7e-aca5-91e6d00c10d3",
            "0059fa2c-565e-45c5-921b-76c3f051aba9"
          ],
          "failures": [],
          "pending": [],
          "skipped": [],
          "duration": 16327,
          "root": false,
          "rootEmpty": false,
          "_timeout": 2000
        }
      ],
      "passes": [],
      "failures": [],
      "pending": [],
      "skipped": [],
      "duration": 0,
      "root": true,
      "rootEmpty": true,
      "_timeout": 2000
    }
  ],
  "meta": {
    "mocha": {
      "version": "7.0.1"
    },
    "mochawesome": {
      "options": {
        "quiet": true,
        "reportFilename": "mochawesome",
        "saveHtml": false,
        "saveJson": true,
        "consoleReporter": "spec",
        "useInlineDiffs": false,
        "code": true
      },
      "version": "7.0.1"
    },
    "marge": {
      "options": {
        "id": "default",
        "reportDir": "mochawesome-report",
        "quiet": true,
        "overwrite": false,
        "html": false,
        "json": true
      },
      "version": "6.0.1"
    }
  }
}