{
  "stats": {
    "suites": 1,
    "tests": 1,
    "passes": 1,
    "pending": 0,
    "failures": 0,
    "start": "2022-01-15T22:33:13.953Z",
    "end": "2022-01-15T22:33:21.246Z",
    "duration": 7293,
    "testsRegistered": 1,
    "passPercent": 100,
    "pendingPercent": 0,
    "other": 0,
    "hasOther": false,
    "skipped": 0,
    "hasSkipped": false
  },
  "results": [
    {
      "uuid": "36452363-01ea-4635-a6d8-25692f668ce0",
      "title": "",
      "fullFile": "cypress/integration/home.spec.js",
      "file": "cypress/integration/home.spec.js",
      "beforeHooks": [],
      "afterHooks": [],
      "tests": [],
      "suites": [
        {
          "uuid": "a4dae8e6-c264-4288-976f-90433e048f0d",
          "title": "home page",
          "fullFile": "",
          "file": "",
          "beforeHooks": [],
          "afterHooks": [],
          "tests": [
            {
              "title": "app deve estar online",
              "fullTitle": "home page app deve estar online",
              "timedOut": null,
              "duration": 7239,
              "state": "passed",
              "speed": "medium",
              "pass": true,
              "fail": false,
              "pending": false,
              "context": null,
              "code": "// cy.viewport(1440, 900)\n// cy.visit('https://buger-eats.vercel.app')\ncy.visit('/'); // cy.get('h1').should('have.text', 'Seja um parceiro entregador pela Buger Eats')\ncy.get('#page-home main h1').should('have.text', 'Seja um parceiro entregador pela Buger Eats');",
              "err": {},
              "uuid": "48f809d4-0abd-4c9b-a26d-9f97471499cb",
              "parentUUID": "a4dae8e6-c264-4288-976f-90433e048f0d",
              "isHook": false,
              "skipped": false
            }
          ],
          "suites": [],
          "passes": [
            "48f809d4-0abd-4c9b-a26d-9f97471499cb"
          ],
          "failures": [],
          "pending": [],
          "skipped": [],
          "duration": 7239,
          "root": false,
          "rootEmpty": false,
          "_timeout": 2000
        }
      ],
      "passes": [],
      "failures": [],
      "pending": [],
      "skipped": [],
      "duration": 0,
      "root": true,
      "rootEmpty": true,
      "_timeout": 2000
    }
  ],
  "meta": {
    "mocha": {
      "version": "7.0.1"
    },
    "mochawesome": {
      "options": {
        "quiet": true,
        "reportFilename": "mochawesome",
        "saveHtml": false,
        "saveJson": true,
        "consoleReporter": "spec",
        "useInlineDiffs": false,
        "code": true
      },
      "version": "7.0.1"
    },
    "marge": {
      "options": {
        "id": "default",
        "reportDir": "mochawesome-report",
        "quiet": true,
        "overwrite": false,
        "html": false,
        "json": true
      },
      "version": "6.0.1"
    }
  }
}